<?xml version="1.0" encoding="UTF-8"?>
<!-- Generated by org.testng.reporters.JUnitXMLReporter -->
<testsuite ignored="2" hostname="DESKTOP-2BP4J25" failures="0" tests="2" name="grouptest" time="20.73" errors="0" timestamp="2021-05-13T19:43:07 IST">
  <testcase classname="com.demo.TestCase1" name="testcase1" time="0.676"/>
  <testcase classname="com.demo.TestCase0" name="testcase5" time="0.494"/>
  <testcase classname="utils.BaseTest" name="@AfterSuite closeResources" time="0.0">
    <ignored/>
  </testcase> <!-- @AfterSuite closeResources -->
  <testcase classname="utils.BaseTest" name="@BeforeSuite configure" time="0.0">
    <ignored/>
  </testcase> <!-- @BeforeSuite configure -->
</testsuite> <!-- grouptest -->
