<?xml version="1.0" encoding="UTF-8"?>
<testng-results ignored="2" total="4" passed="2" failed="0" skipped="0">
  <reporter-output>
  </reporter-output>
  <suite started-at="2021-05-13T19:42:46 IST" name="suite1" finished-at="2021-05-13T19:43:07 IST" duration-ms="20730">
    <groups>
      <group name="new">
        <method signature="TestCase0.testcase5()[pri:0, instance:com.demo.TestCase0@6e75aa0d]" name="testcase5" class="com.demo.TestCase0"/>
      </group> <!-- new -->
      <group name="smoke">
        <method signature="TestCase1.testcase1()[pri:0, instance:com.demo.TestCase1@4387b79e]" name="testcase1" class="com.demo.TestCase1"/>
      </group> <!-- smoke -->
    </groups>
    <test started-at="2021-05-13T19:42:46 IST" name="grouptest" finished-at="2021-05-13T19:43:07 IST" duration-ms="20730">
      <class name="com.demo.TestCase1">
        <test-method is-config="true" signature="configure()[pri:0, instance:com.demo.TestCase1@4387b79e]" started-at="2021-05-13T19:42:45 IST" name="configure" finished-at="2021-05-13T19:42:46 IST" duration-ms="468" status="PASS">
          <reporter-output>
          </reporter-output>
        </test-method> <!-- configure -->
        <test-method is-config="true" signature="openBrowser()[pri:0, instance:com.demo.TestCase1@4387b79e]" started-at="2021-05-13T19:42:46 IST" name="openBrowser" finished-at="2021-05-13T19:42:55 IST" duration-ms="9276" status="PASS">
          <reporter-output>
          </reporter-output>
        </test-method> <!-- openBrowser -->
        <test-method signature="testcase1()[pri:0, instance:com.demo.TestCase1@4387b79e]" started-at="2021-05-13T19:42:55 IST" name="testcase1" finished-at="2021-05-13T19:42:56 IST" duration-ms="676" status="PASS">
          <reporter-output>
          </reporter-output>
        </test-method> <!-- testcase1 -->
        <test-method is-config="true" signature="closeBrowser()[pri:0, instance:com.demo.TestCase1@4387b79e]" started-at="2021-05-13T19:42:56 IST" name="closeBrowser" finished-at="2021-05-13T19:42:56 IST" duration-ms="412" status="PASS">
          <reporter-output>
          </reporter-output>
        </test-method> <!-- closeBrowser -->
        <test-method is-config="true" signature="closeResources()[pri:0, instance:com.demo.TestCase1@4387b79e]" started-at="2021-05-13T19:43:07 IST" name="closeResources" finished-at="2021-05-13T19:43:07 IST" duration-ms="711" status="PASS">
          <reporter-output>
          </reporter-output>
        </test-method> <!-- closeResources -->
      </class> <!-- com.demo.TestCase1 -->
      <class name="com.demo.TestCase0">
        <test-method is-config="true" signature="openBrowser()[pri:0, instance:com.demo.TestCase0@6e75aa0d]" started-at="2021-05-13T19:42:56 IST" name="openBrowser" finished-at="2021-05-13T19:43:06 IST" duration-ms="9294" status="PASS">
          <reporter-output>
          </reporter-output>
        </test-method> <!-- openBrowser -->
        <test-method signature="testcase5()[pri:0, instance:com.demo.TestCase0@6e75aa0d]" started-at="2021-05-13T19:43:06 IST" name="testcase5" finished-at="2021-05-13T19:43:06 IST" duration-ms="494" status="PASS">
          <reporter-output>
          </reporter-output>
        </test-method> <!-- testcase5 -->
        <test-method is-config="true" signature="closeBrowser()[pri:0, instance:com.demo.TestCase0@6e75aa0d]" started-at="2021-05-13T19:43:06 IST" name="closeBrowser" finished-at="2021-05-13T19:43:07 IST" duration-ms="451" status="PASS">
          <reporter-output>
          </reporter-output>
        </test-method> <!-- closeBrowser -->
      </class> <!-- com.demo.TestCase0 -->
    </test> <!-- grouptest -->
  </suite> <!-- suite1 -->
</testng-results>
